<?xml version="1.0" encoding="UTF-8"?>
<testsuite xmlns:xsi="http://www.w3.org/2001/XMLSchema-instance" xsi:noNamespaceSchemaLocation="https://maven.apache.org/surefire/maven-surefire-plugin/xsd/surefire-test-report-3.0.xsd" version="3.0" name="student.StudentTest" time="0.036" tests="11" errors="0" skipped="0" failures="0">
  <properties>
[...]
</properties>
  <testcase name="testNoSetterForStudentId" classname="student.StudentTest" time="0.011">
    <system-out><![CDATA[✓ PASS: No setter for studentId (read-only)
]]></system-out>
  </testcase>
  <testcase name="testSetGradeAcceptsValidValues" classname="student.StudentTest" time="0.002">
    <system-out><![CDATA[✓ PASS: setGrade accepts valid values (0-100)
]]></system-out>
  </testcase>
  <testcase name="testSetGradeRejectsInvalidValues" classname="student.StudentTest" time="0.001">
    <system-out><![CDATA[Error: Grade must be between 0 and 100. Grade not updated.
Error: Grade must be between 0 and 100. Grade not updated.
✓ PASS: setGrade rejects invalid values
]]></system-out>
  </testcase>
  <testcase name="testIsPassingAutoUpdatesWhenGradeChanges" classname="student.StudentTest" time="0.001">
    <system-out><![CDATA[✓ PASS: isPassing auto-updates when grade changes
]]></system-out>
  </testcase>
  <testcase name="testAllFieldsArePrivate" classname="student.StudentTest" time="0.003">
    <system-out><![CDATA[✓ PASS: All fields are private
]]></system-out>
  </testcase>
  <testcase name="testSetGradeShowsErrorMessage" classname="student.StudentTest" time="0.001"/>
  <testcase name="testNoSetterForName" classname="student.StudentTest" time="0.002"/>
  <testcase name="testGettersReturnCorrectValues" classname="student.StudentTest" time="0.001"/>
  <testcase name="testGettersExist" classname="student.StudentTest" time="0.001"/>
  <testcase name="testIsPassingSetCorrectlyInConstructor" classname="student.StudentTest" time="0.001"/>
  <testcase name="testEncapsulationScore" classname="student.StudentTest" time="0.001"/>
</testsuite>